{
"contracts/NftMarketplace.sol":{"l":{"53":0,"54":0,"55":0,"63":0,"64":0,"65":0,"66":0,"70":0,"71":0,"72":0,"84":0,"85":0,"86":0,"87":0,"88":0,"95":0,"96":0,"97":0,"99":0,"100":0,"101":0,"102":0,"103":0,"110":0,"111":0,"119":0,"120":0,"124":0,"125":0,"126":0,"127":0,"128":0,"134":0,"138":0},"path":"/home/anhtoan260497/NFT-Marketplace/contracts/NftMarketplace.sol","s":{"1":0,"2":0,"3":0,"4":0,"5":0,"6":0,"7":0,"8":0,"9":0,"10":0,"11":0,"12":0,"13":0,"14":0,"15":0,"16":0,"17":0,"18":0,"19":0,"20":0,"21":0,"22":0,"23":0,"24":0},"b":{"1":[0,0],"2":[0,0],"3":[0,0],"4":[0,0],"5":[0,0],"6":[0,0],"7":[0,0],"8":[0,0],"9":[0,0],"10":[0,0],"11":[0,0],"12":[0,0],"13":[0,0],"14":[0,0],"15":[0,0],"16":[0,0],"17":[0,0]},"f":{"1":0,"2":0,"3":0,"4":0,"5":0,"6":0,"7":0,"8":0,"9":0,"10":0},"fnMap":{"1":{"name":"NotListed","line":48,"loc":{"start":{"line":48,"column":4},"end":{"line":56,"column":4}}},"2":{"name":"isNftOwner","line":58,"loc":{"start":{"line":58,"column":4},"end":{"line":67,"column":4}}},"3":{"name":"isListed","line":69,"loc":{"start":{"line":69,"column":4},"end":{"line":73,"column":4}}},"4":{"name":"listItem","line":82,"loc":{"start":{"line":75,"column":4},"end":{"line":89,"column":4}}},"5":{"name":"buyItem","line":94,"loc":{"start":{"line":91,"column":4},"end":{"line":104,"column":4}}},"6":{"name":"cancelListing","line":109,"loc":{"start":{"line":106,"column":4},"end":{"line":112,"column":4}}},"7":{"name":"updateListing","line":118,"loc":{"start":{"line":114,"column":4},"end":{"line":121,"column":4}}},"8":{"name":"widthdrawProceeeds","line":123,"loc":{"start":{"line":123,"column":4},"end":{"line":129,"column":4}}},"9":{"name":"getListing","line":133,"loc":{"start":{"line":133,"column":4},"end":{"line":135,"column":4}}},"10":{"name":"getProceeds","line":137,"loc":{"start":{"line":137,"column":4},"end":{"line":139,"column":4}}}},"statementMap":{"1":{"start":{"line":53,"column":8},"end":{"line":53,"column":63}},"2":{"start":{"line":54,"column":8},"end":{"line":54,"column":89}},"3":{"start":{"line":63,"column":8},"end":{"line":63,"column":41}},"4":{"start":{"line":64,"column":8},"end":{"line":64,"column":44}},"5":{"start":{"line":65,"column":8},"end":{"line":65,"column":76}},"6":{"start":{"line":70,"column":8},"end":{"line":70,"column":63}},"7":{"start":{"line":71,"column":8},"end":{"line":71,"column":85}},"8":{"start":{"line":84,"column":8},"end":{"line":84,"column":65}},"9":{"start":{"line":85,"column":8},"end":{"line":85,"column":41}},"10":{"start":{"line":86,"column":8},"end":{"line":86,"column":91}},"11":{"start":{"line":88,"column":8},"end":{"line":88,"column":61}},"12":{"start":{"line":95,"column":8},"end":{"line":95,"column":66}},"13":{"start":{"line":96,"column":8},"end":{"line":96,"column":3181}},"14":{"start":{"line":101,"column":8},"end":{"line":101,"column":41}},"15":{"start":{"line":102,"column":8},"end":{"line":102,"column":67}},"16":{"start":{"line":103,"column":8},"end":{"line":103,"column":74}},"17":{"start":{"line":111,"column":8},"end":{"line":111,"column":56}},"18":{"start":{"line":120,"column":8},"end":{"line":120,"column":67}},"19":{"start":{"line":124,"column":8},"end":{"line":124,"column":49}},"20":{"start":{"line":125,"column":8},"end":{"line":125,"column":76}},"21":{"start":{"line":127,"column":8},"end":{"line":127,"column":72}},"22":{"start":{"line":128,"column":8},"end":{"line":128,"column":60}},"23":{"start":{"line":134,"column":8},"end":{"line":134,"column":45}},"24":{"start":{"line":138,"column":8},"end":{"line":138,"column":33}}},"branchMap":{"1":{"line":54,"type":"if","locations":[{"start":{"line":54,"column":8},"end":{"line":54,"column":8}},{"start":{"line":54,"column":8},"end":{"line":54,"column":8}}]},"2":{"line":65,"type":"if","locations":[{"start":{"line":65,"column":8},"end":{"line":65,"column":8}},{"start":{"line":65,"column":8},"end":{"line":65,"column":8}}]},"3":{"line":71,"type":"if","locations":[{"start":{"line":71,"column":8},"end":{"line":71,"column":8}},{"start":{"line":71,"column":8},"end":{"line":71,"column":8}}]},"4":{"line":81,"type":"if","locations":[{"start":{"line":81,"column":8},"end":{"line":81,"column":8}},{"start":{"line":81,"column":8},"end":{"line":81,"column":8}}]},"5":{"line":82,"type":"if","locations":[{"start":{"line":82,"column":8},"end":{"line":82,"column":8}},{"start":{"line":82,"column":8},"end":{"line":82,"column":8}}]},"6":{"line":84,"type":"if","locations":[{"start":{"line":84,"column":8},"end":{"line":84,"column":8}},{"start":{"line":84,"column":8},"end":{"line":84,"column":8}}]},"7":{"line":86,"type":"if","locations":[{"start":{"line":86,"column":8},"end":{"line":86,"column":8}},{"start":{"line":86,"column":8},"end":{"line":86,"column":8}}]},"8":{"line":94,"type":"if","locations":[{"start":{"line":94,"column":23},"end":{"line":94,"column":23}},{"start":{"line":94,"column":23},"end":{"line":94,"column":23}}]},"9":{"line":94,"type":"if","locations":[{"start":{"line":94,"column":53},"end":{"line":94,"column":53}},{"start":{"line":94,"column":53},"end":{"line":94,"column":53}}]},"10":{"line":96,"type":"if","locations":[{"start":{"line":96,"column":8},"end":{"line":96,"column":8}},{"start":{"line":96,"column":8},"end":{"line":96,"column":8}}]},"11":{"line":109,"type":"if","locations":[{"start":{"line":109,"column":15},"end":{"line":109,"column":15}},{"start":{"line":109,"column":15},"end":{"line":109,"column":15}}]},"12":{"line":109,"type":"if","locations":[{"start":{"line":109,"column":45},"end":{"line":109,"column":45}},{"start":{"line":109,"column":45},"end":{"line":109,"column":45}}]},"13":{"line":118,"type":"if","locations":[{"start":{"line":118,"column":15},"end":{"line":118,"column":15}},{"start":{"line":118,"column":15},"end":{"line":118,"column":15}}]},"14":{"line":118,"type":"if","locations":[{"start":{"line":118,"column":45},"end":{"line":118,"column":45}},{"start":{"line":118,"column":45},"end":{"line":118,"column":45}}]},"15":{"line":123,"type":"if","locations":[{"start":{"line":123,"column":44},"end":{"line":123,"column":44}},{"start":{"line":123,"column":44},"end":{"line":123,"column":44}}]},"16":{"line":125,"type":"if","locations":[{"start":{"line":125,"column":8},"end":{"line":125,"column":8}},{"start":{"line":125,"column":8},"end":{"line":125,"column":8}}]},"17":{"line":128,"type":"if","locations":[{"start":{"line":128,"column":8},"end":{"line":128,"column":8}},{"start":{"line":128,"column":8},"end":{"line":128,"column":8}}]}}},
"contracts/test/BasicNft.sol":{"l":{"14":0,"18":0,"19":0,"20":0,"24":0,"28":0},"path":"/home/anhtoan260497/NFT-Marketplace/contracts/test/BasicNft.sol","s":{"1":0,"2":0,"3":0,"4":0},"b":{},"f":{"1":0,"2":0,"3":0,"4":0},"fnMap":{"1":{"name":"constructor","line":13,"loc":{"start":{"line":13,"column":4},"end":{"line":15,"column":4}}},"2":{"name":"mintNft","line":17,"loc":{"start":{"line":17,"column":4},"end":{"line":21,"column":4}}},"3":{"name":"tokenURI","line":23,"loc":{"start":{"line":23,"column":4},"end":{"line":25,"column":4}}},"4":{"name":"getTokenCounter","line":27,"loc":{"start":{"line":27,"column":4},"end":{"line":29,"column":4}}}},"statementMap":{"1":{"start":{"line":18,"column":8},"end":{"line":18,"column":44}},"2":{"start":{"line":19,"column":8},"end":{"line":19,"column":38}},"3":{"start":{"line":24,"column":8},"end":{"line":24,"column":24}},"4":{"start":{"line":28,"column":8},"end":{"line":28,"column":29}}},"branchMap":{}}}
